<?xml version="1.0" encoding="UTF-8" ?>
<testsuite errors="0" failures="0" hostname="QiuGui" name="jlit.ant.junit3.TestHelloWorld" skipped="0" tests="2" time="0.046" timestamp="2016-06-30T15:10:43">
  <properties>
[...]
</properties>
  <testcase classname="jlit.ant.junit3.TestHelloWorld" name="testHello" time="0.002" />
  <testcase classname="jlit.ant.junit3.TestHelloWorld" name="testWorld" time="0.001" />
  <system-out><![CDATA[JUnit init.
JUnit destory.
JUnit init.
JUnit destory.
]]></system-out>
  <system-err><![CDATA[]]></system-err>
</testsuite>
